Scenario - 
Logfile written - 10/17/2016 19:21:33

Subject	Trial	Event Type	Code	Time	TTime	Uncertainty	Duration	Uncertainty	ReqTime	ReqDur	Stim Type	Pair Index

8938	0	Pulse	115	393748	393748	1
8938	2	Picture	mystim	434801	0	1	2667	1	0	next	hit	3
8938	3	Response	1	436994	2147	0
8938	4	Picture	feedback	460133	0	1	10166	1	0	10000	other	0
8938	6	Picture	mystim	520628	0	1	2666	1	0	next	hit	6
8938	7	Response	1	522569	1794	0
8938	8	Picture	feedback	553626	0	1	10166	1	0	10000	other	0
8938	9	Pulse	115	572244	8286	1
8938	10	Picture	mystim	601789	0	1	2500	1	0	next	hit	10
8938	11	Response	1	604373	2504	0
8938	12	Picture	feedback	636120	0	1	10166	1	0	10000	other	0
8938	14	Picture	mystim	690949	0	1	2667	1	0	next	hit	13
8938	15	Response	1	693164	2168	0
8938	16	Picture	feedback	718947	0	1	10166	1	0	10000	other	0
8938	17	Pulse	115	750741	21462	1
8938	18	Picture	mystim	760777	0	1	2667	1	0	next	hit	17
8938	19	Response	1	764574	3650	0
8938	20	Picture	feedback	790609	0	1	10166	1	0	10000	other	0
8938	22	Picture	mystim	843438	0	1	2833	1	0	next	hit	20
8938	23	Response	1	845240	1689	0
8938	24	Picture	feedback	877269	0	1	10166	1	0	10000	other	0
8938	25	Response	1	923482	35881	0
8938	25	Pulse	115	929239	41637	1
8938	26	Picture	false_start	933765	0	1	2333	1	0	next	hit	25
8938	26	Response	1	935943	2178	0
8938	28	Picture	mystim	982261	0	1	2667	1	0	next	hit	27
8938	29	Response	1	984300	1992	0
8938	30	Picture	feedback	1021092	0	1	10166	1	0	10000	other	0
8938	32	Picture	mystim	1066922	0	1	2667	1	0	next	hit	30
8938	33	Response	1	1069218	2150	0
8938	34	Picture	feedback	1096753	0	1	10166	1	0	10000	other	0
8938	35	Pulse	115	1107735	650	1
8938	36	Picture	mystim	1150749	0	1	2500	1	0	next	hit	34
8938	37	Response	1	1153063	2234	0
8938	38	Picture	feedback	1191079	0	1	10166	1	0	10000	other	0
8938	40	Picture	mystim	1249742	0	1	2333	1	0	next	hit	37
8938	41	Response	1	1251819	2065	0
8938	41	Pulse	115	1286232	36477	1
8938	42	Picture	feedback	1289905	0	1	10166	1	0	10000	other	0
8938	44	Picture	mystim	1342068	0	1	2333	1	0	next	hit	41
8938	45	Response	1	1344303	2121	0
8938	46	Picture	feedback	1379732	0	1	10166	1	0	10000	other	0
8938	48	Picture	mystim	1421229	0	1	2500	1	0	next	hit	44
8938	49	Response	1	1423871	2562	0
8938	50	Picture	feedback	1446394	0	1	10166	1	0	10000	other	0
8938	51	Pulse	115	1464729	8003	1
8938	52	Picture	mystim	1488557	0	1	2666	1	0	next	hit	48
8938	53	Response	1	1490511	1907	0
8938	54	Picture	feedback	1512222	0	1	10166	1	0	10000	other	0
8938	56	Picture	mystim	1560386	0	1	2666	1	0	next	hit	51
8938	57	Response	1	1562529	1997	0
8938	58	Picture	feedback	1601049	0	1	10166	1	0	10000	other	0
8938	59	Pulse	115	1643226	31844	1
8938	60	Picture	mystim	1646546	0	1	2500	1	0	next	hit	55
8938	61	Response	1	1648790	2165	0
8938	62	Picture	feedback	1682043	0	1	10166	1	0	10000	other	0
8938	64	Picture	mystim	1740706	0	1	2333	1	0	next	hit	58
8938	65	Response	1	1742848	2129	0
8938	66	Picture	feedback	1777870	0	1	10166	1	0	10000	other	0
8938	67	Pulse	115	1821723	33521	1
8938	68	Picture	mystim	1837199	0	1	2333	1	0	next	hit	62
8938	69	Response	1	1839528	2217	0
8938	70	Picture	feedback	1870030	0	1	10166	1	0	10000	other	0
8938	72	Picture	mystim	1920193	0	1	2500	1	0	next	hit	65
8938	73	Response	1	1922441	2169	0
8938	74	Picture	feedback	1946024	0	1	10166	1	0	10000	other	0
8938	76	Picture	mystim	1998354	0	1	2333	1	0	next	hit	69
8938	77	Pulse	115	2000220	1853	1
8938	77	Response	1	2000728	2361	0
8938	78	Picture	feedback	2036184	0	1	10166	1	0	10000	other	0
8938	80	Picture	mystim	2085347	0	1	2666	1	0	next	hit	72
8938	81	Response	1	2087541	2048	0
8938	82	Picture	feedback	2122178	0	1	10166	1	0	10000	other	0
8938	84	Picture	mystim	2170008	0	1	2500	1	0	next	hit	75
8938	85	Response	1	2172578	2490	0
8938	85	Pulse	115	2178717	8629	1
8938	86	Picture	feedback	2205172	0	1	10166	1	0	10000	other	0
8938	88	Picture	mystim	2260001	0	1	2666	1	0	next	hit	79
8938	89	Response	1	2262110	2063	0
8938	90	Picture	feedback	2291832	0	1	10166	1	0	10000	other	0
8938	92	Picture	mystim	2345161	0	1	2667	1	0	next	hit	82
8938	93	Response	1	2347221	1913	0
8938	93	Pulse	115	2357214	11906	1
8938	94	Picture	feedback	2375326	0	1	10166	1	0	10000	other	0
8938	96	Picture	mystim	2421656	0	1	2500	1	0	next	hit	86
8938	97	Response	1	2423887	2151	0
8938	98	Picture	feedback	2452987	0	1	10166	1	0	10000	other	0
8938	100	Picture	mystim	2513149	0	1	2334	1	0	next	hit	89
8938	101	Response	1	2515341	2179	0
8938	101	Pulse	115	2535711	22548	1
8938	102	Picture	feedback	2554146	0	1	10166	1	0	10000	other	0
8938	104	Picture	mystim	2608309	0	1	2333	1	0	next	hit	93
8938	105	Response	1	2610699	2277	0
8938	106	Picture	feedback	2650639	0	1	10166	1	0	10000	other	0
8938	108	Picture	mystim	2703635	0	1	2500	1	0	next	hit	96
8938	109	Response	1	2706411	2696	0
8938	109	Pulse	115	2714208	10493	1
8938	110	Picture	feedback	2739966	0	1	10166	1	0	10000	other	0
8938	112	Picture	mystim	2798962	0	1	2666	1	0	next	hit	100
8938	113	Response	1	2801696	2688	0
8938	114	Picture	feedback	2841292	0	1	10166	1	0	10000	other	0
8938	115	Pulse	115	2892705	41080	1
8938	116	Picture	mystim	2894121	0	1	2833	1	0	next	hit	104
8938	117	Response	1	2896525	2390	0
8938	118	Picture	feedback	2930952	0	1	10166	1	0	10000	other	0
8938	120	Picture	mystim	2971949	0	1	2833	1	0	next	hit	107
8938	121	Response	1	2973899	1837	0
8938	122	Picture	feedback	3001280	0	1	10166	1	0	10000	other	0
8938	124	Picture	mystim	3055443	0	1	2666	1	0	next	hit	110
8938	125	Response	1	3057165	1676	0
8938	125	Pulse	115	3071201	15712	1
8938	126	Picture	feedback	3081441	0	1	10166	1	0	10000	other	0
8938	128	Picture	mystim	3133937	0	1	2666	1	0	next	hit	114
8938	129	Response	1	3136489	2406	0
8938	130	Picture	feedback	3158435	0	1	10166	1	0	10000	other	0
8938	132	Picture	mystim	3218264	0	1	2833	1	0	next	hit	117
8938	133	Response	1	3222285	3908	0
8938	133	Pulse	115	3249698	31321	1
8938	134	Picture	feedback	3252095	0	1	10166	1	0	10000	other	0
8938	136	Picture	mystim	3300758	0	1	3000	1	0	next	hit	121
8938	137	Response	1	3302767	1929	0
8938	138	Picture	feedback	3332756	0	1	10166	1	0	10000	other	0
8938	140	Picture	mystim	3376253	0	1	2833	1	0	next	hit	124
8938	141	Response	1	3378655	2389	0
8938	142	Picture	feedback	3409750	0	1	10166	1	0	10000	other	0
8938	143	Pulse	115	3428195	8112	1
8938	144	Picture	mystim	3466579	0	1	2833	1	0	next	hit	128
8938	145	Response	1	3469468	2775	0
8938	146	Picture	feedback	3490744	0	1	10166	1	0	10000	other	0
8938	148	Picture	mystim	3544907	0	1	3000	1	0	next	hit	131
8938	149	Response	1	3546904	1917	0
8938	150	Picture	feedback	3575738	0	1	10166	1	0	10000	other	0
8938	151	Pulse	115	3606692	20621	1
8938	152	Picture	mystim	3631568	0	1	2833	1	0	next	hit	135
8938	153	Response	1	3633386	1805	0
8938	154	Picture	feedback	3671398	0	1	10166	1	0	10000	other	0
8938	156	Picture	mystim	3722727	0	1	2833	1	0	next	hit	138
8938	157	Response	1	3724914	2074	0
8938	158	Picture	feedback	3765391	0	1	10166	1	0	10000	other	0
8938	159	Pulse	115	3785189	9466	1
8938	160	Picture	mystim	3810054	0	1	2666	1	0	next	hit	142
8938	161	Response	1	3812284	2183	0
8938	162	Picture	feedback	3847385	0	1	10166	1	0	10000	other	0
8938	164	Picture	mystim	3896215	0	1	2666	1	0	next	hit	145
8938	165	Response	1	3898525	2164	0
8938	166	Picture	feedback	3930046	0	1	10166	1	0	10000	other	0
8938	167	Pulse	115	3963686	23308	1
8938	168	Picture	mystim	3984208	0	1	2500	1	0	next	hit	149
8938	169	Response	1	3986893	2605	0
8938	170	Picture	feedback	4008207	0	1	10166	1	0	10000	other	0
8938	172	Picture	mystim	4068702	0	1	2666	1	0	next	hit	152
8938	173	Response	1	4070544	1795	0
8938	174	Picture	feedback	4098200	0	1	10166	1	0	10000	other	0
8938	175	Pulse	115	4142183	33651	1
8938	176	Picture	mystim	4150863	0	1	2666	1	0	next	hit	156
8938	177	Response	1	4153093	2084	0
8938	178	Picture	feedback	4182527	0	1	10166	1	0	10000	other	0
8938	180	Picture	mystim	4231357	0	1	2500	1	0	next	hit	159
8938	181	Response	1	4233478	2041	0
8938	182	Picture	feedback	4260355	0	1	10166	1	0	10000	other	0
8938	184	Picture	mystim	4303852	0	1	2333	1	0	next	hit	162
8938	185	Response	1	4306674	2809	0
8938	185	Pulse	115	4320680	16815	1
8938	186	Picture	feedback	4335349	0	1	10166	1	0	10000	other	0
8938	188	Picture	mystim	4380013	0	1	2666	1	0	next	hit	166
8938	189	Response	1	4382314	2155	0
8938	190	Picture	feedback	4413010	0	1	10166	1	0	10000	other	0
8938	192	Picture	mystim	4462840	0	1	2500	1	0	next	hit	169
8938	193	Response	1	4465146	2226	0
8938	194	Picture	feedback	4494171	0	1	10166	1	0	10000	other	0
8938	194	Pulse	115	4499177	5006	1
8938	196	Picture	mystim	4548667	0	1	2333	1	0	next	hit	173
8938	197	Response	1	4551184	2504	0
8938	198	Picture	feedback	4584498	0	1	10166	1	0	10000	other	0
8938	200	Picture	mystim	4629661	0	1	2667	1	0	next	hit	176
8938	201	Response	1	4632586	2778	0
8938	202	Picture	feedback	4661492	0	1	10166	1	0	10000	other	0
8938	203	Pulse	115	4677674	5849	1
8938	204	Picture	mystim	4710655	0	1	2833	1	0	next	hit	180
8938	205	Response	1	4712526	1758	0
8938	206	Picture	feedback	4739153	0	1	10166	1	0	10000	other	0
8938	208	Picture	mystim	4788816	0	1	2667	1	0	next	hit	183
8938	209	Response	1	4790754	1891	0
8938	210	Picture	feedback	4820147	0	1	10166	1	0	10000	other	0
8938	211	Pulse	115	4856171	25691	1
8938	212	Picture	mystim	4862311	0	1	2666	1	0	next	hit	187
8938	213	Response	1	4864622	2164	0
8938	214	Picture	feedback	4897308	0	1	10166	1	0	10000	other	0
8938	216	Picture	mystim	4945805	0	1	2500	1	0	next	hit	190
8938	217	Response	1	4947851	1967	0
8938	218	Picture	feedback	4969803	0	1	10166	1	0	10000	other	0
8938	220	Picture	mystim	5022466	0	1	2333	1	0	next	hit	193
8938	221	Response	1	5024474	1995	0
8938	221	Pulse	115	5034668	12189	1
8938	222	Picture	feedback	5049631	0	1	10166	1	0	10000	other	0
8938	224	Picture	mystim	5101460	0	1	2333	1	0	next	hit	197
8938	225	Response	1	5103885	2312	0
8938	226	Picture	feedback	5138457	0	1	10166	1	0	10000	other	0
8938	228	Picture	mystim	5199120	0	1	2500	1	0	next	hit	200
8938	229	Response	1	5201775	2575	0
8938	229	Pulse	115	5213165	13965	1
8938	230	Picture	feedback	5230617	0	1	10166	1	0	10000	other	0
8938	232	Picture	mystim	5279447	0	1	2666	1	0	next	hit	204
8938	233	Response	1	5282114	2620	0
8938	234	Picture	feedback	5308445	0	1	10166	1	0	10000	other	0
8938	236	Picture	mystim	5364941	0	1	2833	1	0	next	hit	207
8938	237	Response	1	5367132	2178	0
8938	237	Pulse	115	5391662	26708	1
8938	238	Picture	feedback	5393772	0	1	10166	1	0	10000	other	0
